2023-01-29 21:16:09.024 | INFO     | server:startup_event:49 - Setup completed
2023-01-29 21:20:57.797 | INFO     | server:startup_event:49 - Setup completed
2023-01-29 21:21:01.575 | INFO     | server:startup_event:49 - Setup completed
2023-01-29 21:21:14.472 | INFO     | server:startup_event:49 - Setup completed
2023-01-29 21:22:31.596 | INFO     | server:startup_event:49 - Setup completed
2023-01-29 21:29:12.508 | INFO     | server:startup_event:49 - Setup completed
2023-01-29 21:29:15.567 | INFO     | server:startup_event:49 - Setup completed
2023-01-29 21:29:15.769 | INFO     | server:shutdown_event:59 - Shutting down application
2023-01-29 21:29:22.778 | INFO     | server:startup_event:49 - Setup completed
2023-01-29 21:33:28.241 | INFO     | server:shutdown_event:59 - Shutting down application
2023-01-29 21:34:36.046 | INFO     | server:startup_event:46 - Setup completed
2023-01-29 21:34:36.046 | INFO     | classifier:load:57 - Loaded trained model pipeline from: ../data/news_classifier.joblib
2023-01-29 21:34:45.956 | INFO     | server:shutdown_event:59 - Shutting down application
2023-01-29 21:34:49.578 | INFO     | server:startup_event:46 - Setup completed
2023-01-29 21:34:49.578 | INFO     | classifier:load:57 - Loaded trained model pipeline from: ../data/news_classifier.joblib
2023-01-29 21:35:19.842 | INFO     | server:shutdown_event:59 - Shutting down application
2023-01-29 21:35:23.538 | INFO     | server:startup_event:46 - Setup completed
2023-01-29 21:35:23.538 | INFO     | classifier:load:57 - Loaded trained model pipeline from: ../data/news_classifier.joblib
2023-01-29 21:35:54.798 | INFO     | classifier:predict_label:86 - Input to predict_label: {'source': 'string', 'url': 'string', 'title': 'string', 'description': 'string'}
2023-01-29 21:39:21.668 | INFO     | server:shutdown_event:59 - Shutting down application
2023-01-29 21:39:26.594 | INFO     | server:startup_event:46 - Setup completed
2023-01-29 21:39:26.595 | INFO     | classifier:load:57 - Loaded trained model pipeline from: ../data/news_classifier.joblib
2023-01-29 21:39:28.289 | INFO     | server:shutdown_event:59 - Shutting down application
2023-01-29 21:39:31.165 | INFO     | server:startup_event:46 - Setup completed
2023-01-29 21:39:31.166 | INFO     | classifier:load:57 - Loaded trained model pipeline from: ../data/news_classifier.joblib
2023-01-29 21:39:37.138 | INFO     | classifier:predict_label:86 - Input to predict_label: {'source': 'string', 'url': 'string', 'title': 'string', 'description': 'string'}
2023-01-29 21:39:37.190 | INFO     | classifier:predict_label:88 - ans: ['Entertainment' 'Business' 'Sports' 'Entertainment']
2023-01-29 21:41:15.821 | INFO     | server:shutdown_event:59 - Shutting down application
2023-01-29 21:41:22.988 | INFO     | server:startup_event:46 - Setup completed
2023-01-29 21:41:22.989 | INFO     | classifier:load:57 - Loaded trained model pipeline from: ../data/news_classifier.joblib
2023-01-29 21:41:25.276 | INFO     | server:shutdown_event:59 - Shutting down application
2023-01-29 21:41:28.264 | INFO     | server:startup_event:46 - Setup completed
2023-01-29 21:41:28.265 | INFO     | classifier:load:57 - Loaded trained model pipeline from: ../data/news_classifier.joblib
2023-01-29 21:41:34.182 | INFO     | server:shutdown_event:59 - Shutting down application
2023-01-29 21:41:37.197 | INFO     | server:startup_event:46 - Setup completed
2023-01-29 21:41:37.197 | INFO     | classifier:load:57 - Loaded trained model pipeline from: ../data/news_classifier.joblib
2023-01-29 21:41:38.833 | INFO     | server:shutdown_event:59 - Shutting down application
2023-01-29 21:41:41.883 | INFO     | server:startup_event:46 - Setup completed
2023-01-29 21:41:41.883 | INFO     | classifier:load:57 - Loaded trained model pipeline from: ../data/news_classifier.joblib
2023-01-29 21:41:54.094 | INFO     | server:shutdown_event:59 - Shutting down application
2023-01-29 21:41:56.824 | INFO     | server:startup_event:46 - Setup completed
2023-01-29 21:41:56.825 | INFO     | classifier:load:57 - Loaded trained model pipeline from: ../data/news_classifier.joblib
2023-01-29 21:42:05.231 | INFO     | classifier:predict_label:89 - Input to predict_label: {'source': 'string', 'url': 'string', 'title': 'string', 'description': 'string'}
2023-01-29 21:42:05.272 | INFO     | classifier:predict_label:91 - ans: ['Entertainment' 'Business' 'Sports' 'Entertainment']
2023-01-29 21:42:05.273 | INFO     | classifier:predict_proba:75 - Input to predict_proba: {'source': 'string', 'url': 'string', 'title': 'string', 'description': 'string'}
2023-01-29 21:42:05.306 | INFO     | classifier:predict_proba:77 - ans: [[0.25985331 0.34818456 0.08118074 0.01844608 0.14909777 0.02306873
  0.09442765 0.02574116]
 [0.25417647 0.23719786 0.04786916 0.02577246 0.22480641 0.04410317
  0.12927294 0.03680153]
 [0.21426206 0.26531312 0.03288642 0.04128526 0.07545107 0.05125898
  0.29726798 0.02227512]
 [0.09140996 0.26987962 0.02476143 0.02908129 0.25024995 0.06653642
  0.23080465 0.03727668]]
2023-01-29 21:44:33.854 | INFO     | server:shutdown_event:59 - Shutting down application
2023-01-29 21:44:37.655 | INFO     | server:startup_event:46 - Setup completed
2023-01-29 21:44:37.656 | INFO     | classifier:load:57 - Loaded trained model pipeline from: ../data/news_classifier.joblib
2023-01-29 21:44:38.556 | INFO     | server:shutdown_event:59 - Shutting down application
2023-01-29 21:44:42.770 | INFO     | server:startup_event:46 - Setup completed
2023-01-29 21:44:42.771 | INFO     | classifier:load:57 - Loaded trained model pipeline from: ../data/news_classifier.joblib
2023-01-29 21:44:49.120 | INFO     | server:shutdown_event:59 - Shutting down application
2023-01-29 21:44:53.780 | INFO     | server:startup_event:46 - Setup completed
2023-01-29 21:44:53.780 | INFO     | classifier:load:57 - Loaded trained model pipeline from: ../data/news_classifier.joblib
2023-01-29 21:44:56.264 | INFO     | server:shutdown_event:59 - Shutting down application
2023-01-29 21:44:59.400 | INFO     | server:startup_event:46 - Setup completed
2023-01-29 21:44:59.401 | INFO     | classifier:load:57 - Loaded trained model pipeline from: ../data/news_classifier.joblib
2023-01-29 21:45:04.874 | INFO     | classifier:predict_label:89 - Input to predict_label: [{'source': 'string', 'url': 'string', 'title': 'string', 'description': 'string'}]
2023-01-29 21:47:03.813 | INFO     | classifier:predict_label:89 - Input to predict_label: [{'source': 'string', 'url': 'string', 'title': 'string', 'description': "If you can't answer that question, please read on."}]
2023-01-29 22:22:10.965 | INFO     | classifier:predict_label:89 - Input to predict_label: [{'source': 'Yahoo Entertainment', 'url': 'http://us.rd.yahoo.com/dailynews/rss/entertainment/*http://story.news.yahoo.com/news?tmpl=story2/u=/ap/20040922/ap_en_mu/obit_marsalis', 'title': 'Music Patriarch Marsalis Sr. Dies (AP)', 'description': 'AP - Ellis L. Marsalis Sr., the patriarch of a family of world famous jazz'}]
2023-01-29 22:23:18.210 | INFO     | classifier:predict_label:89 - Input to predict_label: [{'source': 'Yahoo Entertainment', 'url': 'http://us.rd.yahoo.com/dailynews/rss/entertainment/*http://story.news.yahoo.com/news?tmpl=story2/u=/ap/20040922/ap_en_mu/obit_marsalis', 'title': 'Music Patriarch Marsalis Sr. Dies (AP)', 'description': 'AP - Ellis L. Marsalis Sr., the patriarch of a family of world famous jazz'}]
2023-01-29 22:23:52.746 | INFO     | classifier:predict_label:89 - Input to predict_label: [{'source': 'Yahoo Entertainment', 'url': 'http://us.rd.yahoo.com/dailynews/rss/entertainment/*http://story.news.yahoo.com/news?tmpl=story2/u=/ap/20040922/ap_en_mu/obit_marsalis', 'title': 'Music Patriarch Marsalis Sr. Dies (AP)', 'description': 'AP - Ellis L. Marsalis Sr., the patriarch of a family of world famous jazz'}]
2023-01-29 22:24:44.466 | INFO     | classifier:predict_label:89 - Input to predict_label: [{'source': 'Yahoo Entertainment', 'url': 'http://us.rd.yahoo.com/dailynews/rss/entertainment/*http://story.news.yahoo.com/news?tmpl=story2/u=/ap/20040922/ap_en_mu/obit_marsalis', 'title': 'Music Patriarch Marsalis Sr. Dies (AP)', 'description': 'AP - Ellis L. Marsalis Sr., the patriarch of a family of world famous jazz'}]
2023-01-29 22:43:37.748 | INFO     | server:shutdown_event:59 - Shutting down application
2023-01-29 22:43:42.463 | INFO     | server:startup_event:46 - Setup completed
2023-01-29 22:43:42.463 | INFO     | classifier:load:57 - Loaded trained model pipeline from: ../data/news_classifier.joblib
2023-01-29 22:43:48.059 | INFO     | server:shutdown_event:59 - Shutting down application
2023-01-29 22:43:50.697 | INFO     | server:startup_event:46 - Setup completed
2023-01-29 22:43:50.697 | INFO     | classifier:load:57 - Loaded trained model pipeline from: ../data/news_classifier.joblib
2023-01-29 22:43:51.896 | INFO     | server:shutdown_event:59 - Shutting down application
2023-01-29 22:43:55.243 | INFO     | server:startup_event:46 - Setup completed
2023-01-29 22:43:55.243 | INFO     | classifier:load:57 - Loaded trained model pipeline from: ../data/news_classifier.joblib
2023-01-29 22:43:58.845 | INFO     | server:shutdown_event:59 - Shutting down application
2023-01-29 22:44:01.482 | INFO     | server:startup_event:46 - Setup completed
2023-01-29 22:44:01.482 | INFO     | classifier:load:57 - Loaded trained model pipeline from: ../data/news_classifier.joblib
2023-01-29 22:44:09.487 | INFO     | server:shutdown_event:59 - Shutting down application
2023-01-29 22:44:17.002 | INFO     | server:startup_event:46 - Setup completed
2023-01-29 22:44:17.002 | INFO     | classifier:load:57 - Loaded trained model pipeline from: ../data/news_classifier.joblib
2023-01-29 23:08:23.214 | INFO     | classifier:predict_label:89 - Input to predict_label: {'source': 'Yahoo Entertainment', 'url': 'http://us.rd.yahoo.com/dailynews/rss/entertainment/*http://story.news.yahoo.com/news?tmpl=story2/u=/ap/20040922/ap_en_mu/obit_marsalis', 'title': 'Music Patriarch Marsalis Sr. Dies (AP)', 'description': 'AP - Ellis L. Marsalis Sr., the patriarch of a family of world famous jazz'}
2023-01-29 23:08:29.471 | INFO     | server:shutdown_event:59 - Shutting down application
2023-01-29 23:08:32.315 | INFO     | server:startup_event:46 - Setup completed
2023-01-29 23:08:32.315 | INFO     | classifier:load:57 - Loaded trained model pipeline from: ../data/news_classifier.joblib
2023-01-29 23:08:35.716 | INFO     | classifier:predict_label:89 - Input to predict_label: {'source': 'Yahoo Entertainment', 'url': 'http://us.rd.yahoo.com/dailynews/rss/entertainment/*http://story.news.yahoo.com/news?tmpl=story2/u=/ap/20040922/ap_en_mu/obit_marsalis', 'title': 'Music Patriarch Marsalis Sr. Dies (AP)', 'description': 'AP - Ellis L. Marsalis Sr., the patriarch of a family of world famous jazz'}
2023-01-29 23:08:47.341 | INFO     | server:shutdown_event:59 - Shutting down application
2023-01-29 23:08:51.043 | INFO     | server:startup_event:46 - Setup completed
2023-01-29 23:08:51.044 | INFO     | classifier:load:57 - Loaded trained model pipeline from: ../data/news_classifier.joblib
2023-01-29 23:08:52.799 | INFO     | classifier:predict_label:89 - Input to predict_label: {'source': 'Yahoo Entertainment', 'url': 'http://us.rd.yahoo.com/dailynews/rss/entertainment/*http://story.news.yahoo.com/news?tmpl=story2/u=/ap/20040922/ap_en_mu/obit_marsalis', 'title': 'Music Patriarch Marsalis Sr. Dies (AP)', 'description': 'AP - Ellis L. Marsalis Sr., the patriarch of a family of world famous jazz'}
2023-01-29 23:09:13.480 | INFO     | server:shutdown_event:59 - Shutting down application
2023-01-29 23:09:17.981 | INFO     | server:startup_event:46 - Setup completed
2023-01-29 23:09:17.981 | INFO     | classifier:load:57 - Loaded trained model pipeline from: ../data/news_classifier.joblib
2023-01-29 23:09:37.819 | INFO     | server:shutdown_event:59 - Shutting down application
2023-01-29 23:17:42.420 | INFO     | server:startup_event:46 - Setup completed
2023-01-29 23:17:42.421 | INFO     | classifier:load:57 - Loaded trained model pipeline from: ../data/news_classifier.joblib
2023-01-29 23:18:38.128 | INFO     | server:shutdown_event:59 - Shutting down application
2023-01-29 23:18:41.272 | INFO     | server:startup_event:46 - Setup completed
2023-01-29 23:18:41.273 | INFO     | classifier:load:57 - Loaded trained model pipeline from: ../data/news_classifier.joblib
2023-01-29 23:18:48.986 | INFO     | server:shutdown_event:59 - Shutting down application
2023-01-29 23:19:11.582 | INFO     | server:startup_event:46 - Setup completed
2023-01-29 23:19:11.582 | INFO     | classifier:load:57 - Loaded trained model pipeline from: ../data/news_classifier.joblib
2023-01-29 23:19:27.863 | INFO     | server:shutdown_event:59 - Shutting down application
2023-01-29 23:19:30.455 | INFO     | server:startup_event:46 - Setup completed
2023-01-29 23:19:30.456 | INFO     | classifier:load:57 - Loaded trained model pipeline from: ../data/news_classifier.joblib
2023-01-29 23:19:31.918 | INFO     | server:shutdown_event:59 - Shutting down application
2023-01-29 23:19:34.576 | INFO     | server:startup_event:46 - Setup completed
2023-01-29 23:19:34.576 | INFO     | classifier:load:57 - Loaded trained model pipeline from: ../data/news_classifier.joblib
2023-01-29 23:19:34.937 | INFO     | server:shutdown_event:59 - Shutting down application
2023-01-29 23:19:37.623 | INFO     | server:startup_event:46 - Setup completed
2023-01-29 23:19:37.623 | INFO     | classifier:load:57 - Loaded trained model pipeline from: ../data/news_classifier.joblib
2023-01-29 23:19:39.186 | INFO     | classifier:predict_label:85 - predict: ['Entertainment' 'Entertainment' 'Business' 'Business' 'Business'
 'Sci/Tech' 'Business' 'Business' 'Business' 'Business' 'Business'
 'Business' 'Business' 'Business' 'Business' 'Entertainment' 'Business'
 'Business' 'Entertainment' 'Business' 'Business' 'Business' 'Business'
 'Business' 'Business' 'Business' 'Business' 'Business' 'Sci/Tech'
 'Business' 'Sci/Tech' 'Business' 'Entertainment' 'Entertainment'
 'Sci/Tech' 'Business' 'Business' 'Entertainment' 'Business' 'Business'
 'Business' 'Business' 'Business' 'Sci/Tech' 'Business' 'Entertainment'
 'Business' 'Sci/Tech' 'Entertainment' 'Business' 'Business' 'Business'
 'Business' 'Business' 'Business' 'Sci/Tech' 'Business' 'Business'
 'Business' 'Business' 'Business' 'Business' 'Business' 'Sci/Tech'
 'Entertainment' 'Business' 'Business' 'Business' 'Business' 'Business'
 'Business' 'Entertainment' 'Business' 'Business']
2023-01-29 23:19:41.720 | INFO     | classifier:predict_proba:74 - predict_proba: [[0.25074811 0.37413751 0.04079639 0.01895998 0.12145918 0.04465001
  0.13146922 0.0177796 ]
 [0.24641768 0.28340822 0.04238193 0.01989658 0.25780905 0.06004698
  0.06869625 0.02134331]
 [0.70046809 0.0623553  0.01699671 0.00912976 0.07293177 0.04799198
  0.07836446 0.01176194]
 [0.53970436 0.12914444 0.01922841 0.01315343 0.11190153 0.0518279
  0.11545858 0.01958135]
 [0.70046809 0.0623553  0.01699671 0.00912976 0.07293177 0.04799198
  0.07836446 0.01176194]
 [0.26367732 0.18567941 0.0204169  0.01583961 0.29187902 0.04326216
  0.16169524 0.01755034]
 [0.70230703 0.11802281 0.02251793 0.01234431 0.06489923 0.0209778
  0.04942116 0.00950972]
 [0.70230703 0.11802281 0.02251793 0.01234431 0.06489923 0.0209778
  0.04942116 0.00950972]
 [0.47314891 0.1281139  0.03054962 0.01370667 0.09820634 0.04115269
  0.19445141 0.02067047]
 [0.44279748 0.19030467 0.03539525 0.00870957 0.19912846 0.04313421
  0.07008167 0.01044868]
 [0.70046809 0.0623553  0.01699671 0.00912976 0.07293177 0.04799198
  0.07836446 0.01176194]
 [0.70230703 0.11802281 0.02251793 0.01234431 0.06489923 0.0209778
  0.04942116 0.00950972]
 [0.63119133 0.0930162  0.03237136 0.00835485 0.10548382 0.04693809
  0.0665509  0.01609345]
 [0.70046809 0.0623553  0.01699671 0.00912976 0.07293177 0.04799198
  0.07836446 0.01176194]
 [0.41434213 0.35052158 0.04691121 0.0102196  0.11983653 0.02467594
  0.0259555  0.0075375 ]
 [0.25074811 0.37413751 0.04079639 0.01895998 0.12145918 0.04465001
  0.13146922 0.0177796 ]
 [0.37030363 0.24673057 0.05117428 0.01959765 0.14125393 0.04627197
  0.09876545 0.02590252]
 [0.44279748 0.19030467 0.03539525 0.00870957 0.19912846 0.04313421
  0.07008167 0.01044868]
 [0.25074811 0.37413751 0.04079639 0.01895998 0.12145918 0.04465001
  0.13146922 0.0177796 ]
 [0.70230703 0.11802281 0.02251793 0.01234431 0.06489923 0.0209778
  0.04942116 0.00950972]
 [0.47314891 0.1281139  0.03054962 0.01370667 0.09820634 0.04115269
  0.19445141 0.02067047]
 [0.44279748 0.19030467 0.03539525 0.00870957 0.19912846 0.04313421
  0.07008167 0.01044868]
 [0.70046809 0.0623553  0.01699671 0.00912976 0.07293177 0.04799198
  0.07836446 0.01176194]
 [0.44279748 0.19030467 0.03539525 0.00870957 0.19912846 0.04313421
  0.07008167 0.01044868]
 [0.37030363 0.24673057 0.05117428 0.01959765 0.14125393 0.04627197
  0.09876545 0.02590252]
 [0.63119133 0.0930162  0.03237136 0.00835485 0.10548382 0.04693809
  0.0665509  0.01609345]
 [0.61641504 0.12004935 0.01839151 0.00865531 0.13153478 0.04480346
  0.05014081 0.01000973]
 [0.70046809 0.0623553  0.01699671 0.00912976 0.07293177 0.04799198
  0.07836446 0.01176194]
 [0.25722204 0.20634992 0.03987341 0.01279325 0.3228648  0.03386735
  0.11621838 0.01081085]
 [0.4417698  0.26458476 0.02883586 0.01450845 0.11367164 0.03529669
  0.08138801 0.01994478]
 [0.26367732 0.18567941 0.0204169  0.01583961 0.29187902 0.04326216
  0.16169524 0.01755034]
 [0.70046809 0.0623553  0.01699671 0.00912976 0.07293177 0.04799198
  0.07836446 0.01176194]
 [0.24641768 0.28340822 0.04238193 0.01989658 0.25780905 0.06004698
  0.06869625 0.02134331]
 [0.25074811 0.37413751 0.04079639 0.01895998 0.12145918 0.04465001
  0.13146922 0.0177796 ]
 [0.25722204 0.20634992 0.03987341 0.01279325 0.3228648  0.03386735
  0.11621838 0.01081085]
 [0.37030363 0.24673057 0.05117428 0.01959765 0.14125393 0.04627197
  0.09876545 0.02590252]
 [0.47314891 0.1281139  0.03054962 0.01370667 0.09820634 0.04115269
  0.19445141 0.02067047]
 [0.25074811 0.37413751 0.04079639 0.01895998 0.12145918 0.04465001
  0.13146922 0.0177796 ]
 [0.37030363 0.24673057 0.05117428 0.01959765 0.14125393 0.04627197
  0.09876545 0.02590252]
 [0.28390289 0.21502353 0.04481677 0.01563377 0.24382564 0.05350088
  0.12769719 0.01559933]
 [0.4417698  0.26458476 0.02883586 0.01450845 0.11367164 0.03529669
  0.08138801 0.01994478]
 [0.70046809 0.0623553  0.01699671 0.00912976 0.07293177 0.04799198
  0.07836446 0.01176194]
 [0.3268105  0.14026789 0.02337115 0.02154133 0.19451552 0.06299786
  0.20390604 0.02658971]
 [0.24710182 0.19603367 0.06631    0.02015275 0.30008049 0.04239245
  0.11076861 0.01716021]
 [0.70046809 0.0623553  0.01699671 0.00912976 0.07293177 0.04799198
  0.07836446 0.01176194]
 [0.25074811 0.37413751 0.04079639 0.01895998 0.12145918 0.04465001
  0.13146922 0.0177796 ]
 [0.70046809 0.0623553  0.01699671 0.00912976 0.07293177 0.04799198
  0.07836446 0.01176194]
 [0.24710182 0.19603367 0.06631    0.02015275 0.30008049 0.04239245
  0.11076861 0.01716021]
 [0.25074811 0.37413751 0.04079639 0.01895998 0.12145918 0.04465001
  0.13146922 0.0177796 ]
 [0.41434213 0.35052158 0.04691121 0.0102196  0.11983653 0.02467594
  0.0259555  0.0075375 ]
 [0.47314891 0.1281139  0.03054962 0.01370667 0.09820634 0.04115269
  0.19445141 0.02067047]
 [0.70230703 0.11802281 0.02251793 0.01234431 0.06489923 0.0209778
  0.04942116 0.00950972]
 [0.43386315 0.13593948 0.04421907 0.01600562 0.1466735  0.04334706
  0.16840854 0.01154357]
 [0.70046809 0.0623553  0.01699671 0.00912976 0.07293177 0.04799198
  0.07836446 0.01176194]
 [0.3268105  0.14026789 0.02337115 0.02154133 0.19451552 0.06299786
  0.20390604 0.02658971]
 [0.24710182 0.19603367 0.06631    0.02015275 0.30008049 0.04239245
  0.11076861 0.01716021]
 [0.70046809 0.0623553  0.01699671 0.00912976 0.07293177 0.04799198
  0.07836446 0.01176194]
 [0.42670543 0.25140016 0.02651164 0.01595099 0.14386986 0.03755977
  0.08315495 0.01484719]
 [0.3268105  0.14026789 0.02337115 0.02154133 0.19451552 0.06299786
  0.20390604 0.02658971]
 [0.37030363 0.24673057 0.05117428 0.01959765 0.14125393 0.04627197
  0.09876545 0.02590252]
 [0.70230703 0.11802281 0.02251793 0.01234431 0.06489923 0.0209778
  0.04942116 0.00950972]
 [0.33716408 0.17550014 0.0363226  0.01671526 0.26932526 0.05460805
  0.09348623 0.01687837]
 [0.70046809 0.0623553  0.01699671 0.00912976 0.07293177 0.04799198
  0.07836446 0.01176194]
 [0.24710182 0.19603367 0.06631    0.02015275 0.30008049 0.04239245
  0.11076861 0.01716021]
 [0.25074811 0.37413751 0.04079639 0.01895998 0.12145918 0.04465001
  0.13146922 0.0177796 ]
 [0.41434213 0.35052158 0.04691121 0.0102196  0.11983653 0.02467594
  0.0259555  0.0075375 ]
 [0.3268105  0.14026789 0.02337115 0.02154133 0.19451552 0.06299786
  0.20390604 0.02658971]
 [0.55866505 0.13342978 0.02538075 0.01557929 0.10476872 0.040043
  0.10661545 0.01551795]
 [0.44279748 0.19030467 0.03539525 0.00870957 0.19912846 0.04313421
  0.07008167 0.01044868]
 [0.70046809 0.0623553  0.01699671 0.00912976 0.07293177 0.04799198
  0.07836446 0.01176194]
 [0.4314509  0.25238816 0.03288867 0.01388883 0.10263316 0.0227456
  0.13036557 0.01363911]
 [0.25074811 0.37413751 0.04079639 0.01895998 0.12145918 0.04465001
  0.13146922 0.0177796 ]
 [0.27469601 0.27282212 0.02835609 0.0170038  0.12737347 0.04742938
  0.20820875 0.02411039]
 [0.27469601 0.27282212 0.02835609 0.0170038  0.12737347 0.04742938
  0.20820875 0.02411039]]
2023-01-29 23:20:11.203 | INFO     | server:shutdown_event:59 - Shutting down application
2023-01-29 23:20:16.269 | INFO     | server:startup_event:46 - Setup completed
2023-01-29 23:20:16.269 | INFO     | classifier:load:57 - Loaded trained model pipeline from: ../data/news_classifier.joblib
2023-01-29 23:20:18.940 | INFO     | server:shutdown_event:59 - Shutting down application
2023-01-29 23:20:23.828 | INFO     | server:startup_event:46 - Setup completed
2023-01-29 23:20:23.828 | INFO     | classifier:load:57 - Loaded trained model pipeline from: ../data/news_classifier.joblib
2023-01-29 23:20:24.490 | INFO     | classifier:predict_label:85 - predict: ['Entertainment']
2023-01-29 23:20:31.671 | INFO     | classifier:predict_proba:74 - predict_proba: [[0.25074811 0.37413751 0.04079639 0.01895998 0.12145918 0.04465001
  0.13146922 0.0177796 ]
 [0.24641768 0.28340822 0.04238193 0.01989658 0.25780905 0.06004698
  0.06869625 0.02134331]
 [0.70046809 0.0623553  0.01699671 0.00912976 0.07293177 0.04799198
  0.07836446 0.01176194]
 [0.53970436 0.12914444 0.01922841 0.01315343 0.11190153 0.0518279
  0.11545858 0.01958135]
 [0.70046809 0.0623553  0.01699671 0.00912976 0.07293177 0.04799198
  0.07836446 0.01176194]
 [0.26367732 0.18567941 0.0204169  0.01583961 0.29187902 0.04326216
  0.16169524 0.01755034]
 [0.70230703 0.11802281 0.02251793 0.01234431 0.06489923 0.0209778
  0.04942116 0.00950972]
 [0.70230703 0.11802281 0.02251793 0.01234431 0.06489923 0.0209778
  0.04942116 0.00950972]
 [0.47314891 0.1281139  0.03054962 0.01370667 0.09820634 0.04115269
  0.19445141 0.02067047]
 [0.44279748 0.19030467 0.03539525 0.00870957 0.19912846 0.04313421
  0.07008167 0.01044868]
 [0.70046809 0.0623553  0.01699671 0.00912976 0.07293177 0.04799198
  0.07836446 0.01176194]
 [0.70230703 0.11802281 0.02251793 0.01234431 0.06489923 0.0209778
  0.04942116 0.00950972]
 [0.63119133 0.0930162  0.03237136 0.00835485 0.10548382 0.04693809
  0.0665509  0.01609345]
 [0.70046809 0.0623553  0.01699671 0.00912976 0.07293177 0.04799198
  0.07836446 0.01176194]
 [0.41434213 0.35052158 0.04691121 0.0102196  0.11983653 0.02467594
  0.0259555  0.0075375 ]
 [0.25074811 0.37413751 0.04079639 0.01895998 0.12145918 0.04465001
  0.13146922 0.0177796 ]
 [0.37030363 0.24673057 0.05117428 0.01959765 0.14125393 0.04627197
  0.09876545 0.02590252]
 [0.44279748 0.19030467 0.03539525 0.00870957 0.19912846 0.04313421
  0.07008167 0.01044868]
 [0.25074811 0.37413751 0.04079639 0.01895998 0.12145918 0.04465001
  0.13146922 0.0177796 ]
 [0.70230703 0.11802281 0.02251793 0.01234431 0.06489923 0.0209778
  0.04942116 0.00950972]
 [0.47314891 0.1281139  0.03054962 0.01370667 0.09820634 0.04115269
  0.19445141 0.02067047]
 [0.44279748 0.19030467 0.03539525 0.00870957 0.19912846 0.04313421
  0.07008167 0.01044868]
 [0.70046809 0.0623553  0.01699671 0.00912976 0.07293177 0.04799198
  0.07836446 0.01176194]
 [0.44279748 0.19030467 0.03539525 0.00870957 0.19912846 0.04313421
  0.07008167 0.01044868]
 [0.37030363 0.24673057 0.05117428 0.01959765 0.14125393 0.04627197
  0.09876545 0.02590252]
 [0.63119133 0.0930162  0.03237136 0.00835485 0.10548382 0.04693809
  0.0665509  0.01609345]
 [0.61641504 0.12004935 0.01839151 0.00865531 0.13153478 0.04480346
  0.05014081 0.01000973]
 [0.70046809 0.0623553  0.01699671 0.00912976 0.07293177 0.04799198
  0.07836446 0.01176194]
 [0.25722204 0.20634992 0.03987341 0.01279325 0.3228648  0.03386735
  0.11621838 0.01081085]
 [0.4417698  0.26458476 0.02883586 0.01450845 0.11367164 0.03529669
  0.08138801 0.01994478]
 [0.26367732 0.18567941 0.0204169  0.01583961 0.29187902 0.04326216
  0.16169524 0.01755034]
 [0.70046809 0.0623553  0.01699671 0.00912976 0.07293177 0.04799198
  0.07836446 0.01176194]
 [0.24641768 0.28340822 0.04238193 0.01989658 0.25780905 0.06004698
  0.06869625 0.02134331]
 [0.25074811 0.37413751 0.04079639 0.01895998 0.12145918 0.04465001
  0.13146922 0.0177796 ]
 [0.25722204 0.20634992 0.03987341 0.01279325 0.3228648  0.03386735
  0.11621838 0.01081085]
 [0.37030363 0.24673057 0.05117428 0.01959765 0.14125393 0.04627197
  0.09876545 0.02590252]
 [0.47314891 0.1281139  0.03054962 0.01370667 0.09820634 0.04115269
  0.19445141 0.02067047]
 [0.25074811 0.37413751 0.04079639 0.01895998 0.12145918 0.04465001
  0.13146922 0.0177796 ]
 [0.37030363 0.24673057 0.05117428 0.01959765 0.14125393 0.04627197
  0.09876545 0.02590252]
 [0.28390289 0.21502353 0.04481677 0.01563377 0.24382564 0.05350088
  0.12769719 0.01559933]
 [0.4417698  0.26458476 0.02883586 0.01450845 0.11367164 0.03529669
  0.08138801 0.01994478]
 [0.70046809 0.0623553  0.01699671 0.00912976 0.07293177 0.04799198
  0.07836446 0.01176194]
 [0.3268105  0.14026789 0.02337115 0.02154133 0.19451552 0.06299786
  0.20390604 0.02658971]
 [0.24710182 0.19603367 0.06631    0.02015275 0.30008049 0.04239245
  0.11076861 0.01716021]
 [0.70046809 0.0623553  0.01699671 0.00912976 0.07293177 0.04799198
  0.07836446 0.01176194]
 [0.25074811 0.37413751 0.04079639 0.01895998 0.12145918 0.04465001
  0.13146922 0.0177796 ]
 [0.70046809 0.0623553  0.01699671 0.00912976 0.07293177 0.04799198
  0.07836446 0.01176194]
 [0.24710182 0.19603367 0.06631    0.02015275 0.30008049 0.04239245
  0.11076861 0.01716021]
 [0.25074811 0.37413751 0.04079639 0.01895998 0.12145918 0.04465001
  0.13146922 0.0177796 ]
 [0.41434213 0.35052158 0.04691121 0.0102196  0.11983653 0.02467594
  0.0259555  0.0075375 ]
 [0.47314891 0.1281139  0.03054962 0.01370667 0.09820634 0.04115269
  0.19445141 0.02067047]
 [0.70230703 0.11802281 0.02251793 0.01234431 0.06489923 0.0209778
  0.04942116 0.00950972]
 [0.43386315 0.13593948 0.04421907 0.01600562 0.1466735  0.04334706
  0.16840854 0.01154357]
 [0.70046809 0.0623553  0.01699671 0.00912976 0.07293177 0.04799198
  0.07836446 0.01176194]
 [0.3268105  0.14026789 0.02337115 0.02154133 0.19451552 0.06299786
  0.20390604 0.02658971]
 [0.24710182 0.19603367 0.06631    0.02015275 0.30008049 0.04239245
  0.11076861 0.01716021]
 [0.70046809 0.0623553  0.01699671 0.00912976 0.07293177 0.04799198
  0.07836446 0.01176194]
 [0.42670543 0.25140016 0.02651164 0.01595099 0.14386986 0.03755977
  0.08315495 0.01484719]
 [0.3268105  0.14026789 0.02337115 0.02154133 0.19451552 0.06299786
  0.20390604 0.02658971]
 [0.37030363 0.24673057 0.05117428 0.01959765 0.14125393 0.04627197
  0.09876545 0.02590252]
 [0.70230703 0.11802281 0.02251793 0.01234431 0.06489923 0.0209778
  0.04942116 0.00950972]
 [0.33716408 0.17550014 0.0363226  0.01671526 0.26932526 0.05460805
  0.09348623 0.01687837]
 [0.70046809 0.0623553  0.01699671 0.00912976 0.07293177 0.04799198
  0.07836446 0.01176194]
 [0.24710182 0.19603367 0.06631    0.02015275 0.30008049 0.04239245
  0.11076861 0.01716021]
 [0.25074811 0.37413751 0.04079639 0.01895998 0.12145918 0.04465001
  0.13146922 0.0177796 ]
 [0.41434213 0.35052158 0.04691121 0.0102196  0.11983653 0.02467594
  0.0259555  0.0075375 ]
 [0.3268105  0.14026789 0.02337115 0.02154133 0.19451552 0.06299786
  0.20390604 0.02658971]
 [0.55866505 0.13342978 0.02538075 0.01557929 0.10476872 0.040043
  0.10661545 0.01551795]
 [0.44279748 0.19030467 0.03539525 0.00870957 0.19912846 0.04313421
  0.07008167 0.01044868]
 [0.70046809 0.0623553  0.01699671 0.00912976 0.07293177 0.04799198
  0.07836446 0.01176194]
 [0.4314509  0.25238816 0.03288867 0.01388883 0.10263316 0.0227456
  0.13036557 0.01363911]
 [0.25074811 0.37413751 0.04079639 0.01895998 0.12145918 0.04465001
  0.13146922 0.0177796 ]
 [0.27469601 0.27282212 0.02835609 0.0170038  0.12737347 0.04742938
  0.20820875 0.02411039]
 [0.27469601 0.27282212 0.02835609 0.0170038  0.12737347 0.04742938
  0.20820875 0.02411039]]
2023-01-29 23:21:02.567 | INFO     | server:shutdown_event:59 - Shutting down application
2023-01-29 23:21:07.230 | INFO     | server:startup_event:46 - Setup completed
2023-01-29 23:21:07.230 | INFO     | classifier:load:57 - Loaded trained model pipeline from: ../data/news_classifier.joblib
2023-01-29 23:21:08.187 | INFO     | classifier:predict_label:85 - predict: ['Entertainment']
2023-01-29 23:21:09.690 | INFO     | classifier:predict_proba:74 - predict_proba: [[0.25074811 0.37413751 0.04079639 0.01895998 0.12145918 0.04465001
  0.13146922 0.0177796 ]
 [0.24641768 0.28340822 0.04238193 0.01989658 0.25780905 0.06004698
  0.06869625 0.02134331]
 [0.70046809 0.0623553  0.01699671 0.00912976 0.07293177 0.04799198
  0.07836446 0.01176194]
 [0.53970436 0.12914444 0.01922841 0.01315343 0.11190153 0.0518279
  0.11545858 0.01958135]
 [0.70046809 0.0623553  0.01699671 0.00912976 0.07293177 0.04799198
  0.07836446 0.01176194]
 [0.26367732 0.18567941 0.0204169  0.01583961 0.29187902 0.04326216
  0.16169524 0.01755034]
 [0.70230703 0.11802281 0.02251793 0.01234431 0.06489923 0.0209778
  0.04942116 0.00950972]
 [0.70230703 0.11802281 0.02251793 0.01234431 0.06489923 0.0209778
  0.04942116 0.00950972]
 [0.47314891 0.1281139  0.03054962 0.01370667 0.09820634 0.04115269
  0.19445141 0.02067047]
 [0.44279748 0.19030467 0.03539525 0.00870957 0.19912846 0.04313421
  0.07008167 0.01044868]
 [0.70046809 0.0623553  0.01699671 0.00912976 0.07293177 0.04799198
  0.07836446 0.01176194]
 [0.70230703 0.11802281 0.02251793 0.01234431 0.06489923 0.0209778
  0.04942116 0.00950972]
 [0.63119133 0.0930162  0.03237136 0.00835485 0.10548382 0.04693809
  0.0665509  0.01609345]
 [0.70046809 0.0623553  0.01699671 0.00912976 0.07293177 0.04799198
  0.07836446 0.01176194]
 [0.41434213 0.35052158 0.04691121 0.0102196  0.11983653 0.02467594
  0.0259555  0.0075375 ]
 [0.25074811 0.37413751 0.04079639 0.01895998 0.12145918 0.04465001
  0.13146922 0.0177796 ]
 [0.37030363 0.24673057 0.05117428 0.01959765 0.14125393 0.04627197
  0.09876545 0.02590252]
 [0.44279748 0.19030467 0.03539525 0.00870957 0.19912846 0.04313421
  0.07008167 0.01044868]
 [0.25074811 0.37413751 0.04079639 0.01895998 0.12145918 0.04465001
  0.13146922 0.0177796 ]
 [0.70230703 0.11802281 0.02251793 0.01234431 0.06489923 0.0209778
  0.04942116 0.00950972]
 [0.47314891 0.1281139  0.03054962 0.01370667 0.09820634 0.04115269
  0.19445141 0.02067047]
 [0.44279748 0.19030467 0.03539525 0.00870957 0.19912846 0.04313421
  0.07008167 0.01044868]
 [0.70046809 0.0623553  0.01699671 0.00912976 0.07293177 0.04799198
  0.07836446 0.01176194]
 [0.44279748 0.19030467 0.03539525 0.00870957 0.19912846 0.04313421
  0.07008167 0.01044868]
 [0.37030363 0.24673057 0.05117428 0.01959765 0.14125393 0.04627197
  0.09876545 0.02590252]
 [0.63119133 0.0930162  0.03237136 0.00835485 0.10548382 0.04693809
  0.0665509  0.01609345]
 [0.61641504 0.12004935 0.01839151 0.00865531 0.13153478 0.04480346
  0.05014081 0.01000973]
 [0.70046809 0.0623553  0.01699671 0.00912976 0.07293177 0.04799198
  0.07836446 0.01176194]
 [0.25722204 0.20634992 0.03987341 0.01279325 0.3228648  0.03386735
  0.11621838 0.01081085]
 [0.4417698  0.26458476 0.02883586 0.01450845 0.11367164 0.03529669
  0.08138801 0.01994478]
 [0.26367732 0.18567941 0.0204169  0.01583961 0.29187902 0.04326216
  0.16169524 0.01755034]
 [0.70046809 0.0623553  0.01699671 0.00912976 0.07293177 0.04799198
  0.07836446 0.01176194]
 [0.24641768 0.28340822 0.04238193 0.01989658 0.25780905 0.06004698
  0.06869625 0.02134331]
 [0.25074811 0.37413751 0.04079639 0.01895998 0.12145918 0.04465001
  0.13146922 0.0177796 ]
 [0.25722204 0.20634992 0.03987341 0.01279325 0.3228648  0.03386735
  0.11621838 0.01081085]
 [0.37030363 0.24673057 0.05117428 0.01959765 0.14125393 0.04627197
  0.09876545 0.02590252]
 [0.47314891 0.1281139  0.03054962 0.01370667 0.09820634 0.04115269
  0.19445141 0.02067047]
 [0.25074811 0.37413751 0.04079639 0.01895998 0.12145918 0.04465001
  0.13146922 0.0177796 ]
 [0.37030363 0.24673057 0.05117428 0.01959765 0.14125393 0.04627197
  0.09876545 0.02590252]
 [0.28390289 0.21502353 0.04481677 0.01563377 0.24382564 0.05350088
  0.12769719 0.01559933]
 [0.4417698  0.26458476 0.02883586 0.01450845 0.11367164 0.03529669
  0.08138801 0.01994478]
 [0.70046809 0.0623553  0.01699671 0.00912976 0.07293177 0.04799198
  0.07836446 0.01176194]
 [0.3268105  0.14026789 0.02337115 0.02154133 0.19451552 0.06299786
  0.20390604 0.02658971]
 [0.24710182 0.19603367 0.06631    0.02015275 0.30008049 0.04239245
  0.11076861 0.01716021]
 [0.70046809 0.0623553  0.01699671 0.00912976 0.07293177 0.04799198
  0.07836446 0.01176194]
 [0.25074811 0.37413751 0.04079639 0.01895998 0.12145918 0.04465001
  0.13146922 0.0177796 ]
 [0.70046809 0.0623553  0.01699671 0.00912976 0.07293177 0.04799198
  0.07836446 0.01176194]
 [0.24710182 0.19603367 0.06631    0.02015275 0.30008049 0.04239245
  0.11076861 0.01716021]
 [0.25074811 0.37413751 0.04079639 0.01895998 0.12145918 0.04465001
  0.13146922 0.0177796 ]
 [0.41434213 0.35052158 0.04691121 0.0102196  0.11983653 0.02467594
  0.0259555  0.0075375 ]
 [0.47314891 0.1281139  0.03054962 0.01370667 0.09820634 0.04115269
  0.19445141 0.02067047]
 [0.70230703 0.11802281 0.02251793 0.01234431 0.06489923 0.0209778
  0.04942116 0.00950972]
 [0.43386315 0.13593948 0.04421907 0.01600562 0.1466735  0.04334706
  0.16840854 0.01154357]
 [0.70046809 0.0623553  0.01699671 0.00912976 0.07293177 0.04799198
  0.07836446 0.01176194]
 [0.3268105  0.14026789 0.02337115 0.02154133 0.19451552 0.06299786
  0.20390604 0.02658971]
 [0.24710182 0.19603367 0.06631    0.02015275 0.30008049 0.04239245
  0.11076861 0.01716021]
 [0.70046809 0.0623553  0.01699671 0.00912976 0.07293177 0.04799198
  0.07836446 0.01176194]
 [0.42670543 0.25140016 0.02651164 0.01595099 0.14386986 0.03755977
  0.08315495 0.01484719]
 [0.3268105  0.14026789 0.02337115 0.02154133 0.19451552 0.06299786
  0.20390604 0.02658971]
 [0.37030363 0.24673057 0.05117428 0.01959765 0.14125393 0.04627197
  0.09876545 0.02590252]
 [0.70230703 0.11802281 0.02251793 0.01234431 0.06489923 0.0209778
  0.04942116 0.00950972]
 [0.33716408 0.17550014 0.0363226  0.01671526 0.26932526 0.05460805
  0.09348623 0.01687837]
 [0.70046809 0.0623553  0.01699671 0.00912976 0.07293177 0.04799198
  0.07836446 0.01176194]
 [0.24710182 0.19603367 0.06631    0.02015275 0.30008049 0.04239245
  0.11076861 0.01716021]
 [0.25074811 0.37413751 0.04079639 0.01895998 0.12145918 0.04465001
  0.13146922 0.0177796 ]
 [0.41434213 0.35052158 0.04691121 0.0102196  0.11983653 0.02467594
  0.0259555  0.0075375 ]
 [0.3268105  0.14026789 0.02337115 0.02154133 0.19451552 0.06299786
  0.20390604 0.02658971]
 [0.55866505 0.13342978 0.02538075 0.01557929 0.10476872 0.040043
  0.10661545 0.01551795]
 [0.44279748 0.19030467 0.03539525 0.00870957 0.19912846 0.04313421
  0.07008167 0.01044868]
 [0.70046809 0.0623553  0.01699671 0.00912976 0.07293177 0.04799198
  0.07836446 0.01176194]
 [0.4314509  0.25238816 0.03288867 0.01388883 0.10263316 0.0227456
  0.13036557 0.01363911]
 [0.25074811 0.37413751 0.04079639 0.01895998 0.12145918 0.04465001
  0.13146922 0.0177796 ]
 [0.27469601 0.27282212 0.02835609 0.0170038  0.12737347 0.04742938
  0.20820875 0.02411039]
 [0.27469601 0.27282212 0.02835609 0.0170038  0.12737347 0.04742938
  0.20820875 0.02411039]]
2023-01-29 23:21:35.051 | INFO     | server:shutdown_event:59 - Shutting down application
2023-01-29 23:21:39.602 | INFO     | server:startup_event:46 - Setup completed
2023-01-29 23:21:39.602 | INFO     | classifier:load:57 - Loaded trained model pipeline from: ../data/news_classifier.joblib
2023-01-29 23:21:45.541 | INFO     | classifier:predict_label:85 - predict: ['Entertainment']
2023-01-29 23:22:13.076 | INFO     | classifier:predict_label:85 - predict: ['Entertainment']
2023-01-29 23:22:28.278 | INFO     | classifier:predict_proba:74 - predict_proba: [[0.06266997 0.650892   0.04179703 0.0149733  0.08807032 0.00945709
  0.12679848 0.0053418 ]]
2023-01-29 23:22:28.578 | INFO     | classifier:predict_proba:74 - predict_proba: [[0.06266997 0.650892   0.04179703 0.0149733  0.08807032 0.00945709
  0.12679848 0.0053418 ]]
2023-01-29 23:22:28.874 | INFO     | server:shutdown_event:59 - Shutting down application
2023-01-29 23:22:34.966 | INFO     | server:startup_event:46 - Setup completed
2023-01-29 23:22:34.967 | INFO     | classifier:load:57 - Loaded trained model pipeline from: ../data/news_classifier.joblib
2023-01-29 23:22:40.137 | INFO     | classifier:predict_label:85 - predict: ['Entertainment']
2023-01-29 23:22:40.166 | INFO     | classifier:predict_proba:74 - predict_proba: [[0.06266997 0.650892   0.04179703 0.0149733  0.08807032 0.00945709
  0.12679848 0.0053418 ]]
2023-01-29 23:23:51.063 | INFO     | server:shutdown_event:59 - Shutting down application
2023-01-29 23:23:53.940 | INFO     | server:startup_event:46 - Setup completed
2023-01-29 23:23:53.941 | INFO     | classifier:load:57 - Loaded trained model pipeline from: ../data/news_classifier.joblib
2023-01-29 23:23:55.415 | INFO     | server:shutdown_event:59 - Shutting down application
2023-01-29 23:23:58.241 | INFO     | server:startup_event:46 - Setup completed
2023-01-29 23:23:58.241 | INFO     | classifier:load:57 - Loaded trained model pipeline from: ../data/news_classifier.joblib
2023-01-29 23:24:00.243 | INFO     | server:shutdown_event:59 - Shutting down application
2023-01-29 23:24:03.002 | INFO     | server:startup_event:46 - Setup completed
2023-01-29 23:24:03.002 | INFO     | classifier:load:57 - Loaded trained model pipeline from: ../data/news_classifier.joblib
2023-01-29 23:24:04.075 | INFO     | server:shutdown_event:59 - Shutting down application
2023-01-29 23:24:06.674 | INFO     | server:startup_event:46 - Setup completed
2023-01-29 23:24:06.674 | INFO     | classifier:load:57 - Loaded trained model pipeline from: ../data/news_classifier.joblib
2023-01-29 23:24:07.850 | INFO     | server:shutdown_event:59 - Shutting down application
2023-01-29 23:24:10.871 | INFO     | server:startup_event:46 - Setup completed
2023-01-29 23:24:10.871 | INFO     | classifier:load:57 - Loaded trained model pipeline from: ../data/news_classifier.joblib
2023-01-29 23:24:13.825 | INFO     | classifier:predict_label:86 - predict: ['Entertainment']
2023-01-29 23:24:13.852 | INFO     | classifier:predict_proba:74 - predict_proba: [[0.06266997 0.650892   0.04179703 0.0149733  0.08807032 0.00945709
  0.12679848 0.0053418 ]]
2023-01-29 23:24:13.878 | INFO     | server:predict:85 - {'timestamp': '2023:01:29 23:24:13', 'request': {'source': 'Yahoo Entertainment', 'url': 'http://us.rd.yahoo.com/dailynews/rss/entertainment/*http://story.news.yahoo.com/news?tmpl=story2/u=/ap/20040922/ap_en_mu/obit_marsalis', 'title': 'Music Patriarch Marsalis Sr. Dies (AP)', 'description': 'AP - Ellis L. Marsalis Sr., the patriarch of a family of world famous jazz'}, 'prediction': {'scores': {'Business': 0.06266997177318223, 'Entertainment': 0.6508920045667556, 'Health': 0.04179703065850096, 'Music Feeds': 0.014973302832729136, 'Sci/Tech': 0.08807032008995669, 'Software and Developement': 0.009457089786934506, 'Sports': 0.1267984819843677, 'Toons': 0.005341798307573241}, 'label': 'Entertainment'}, 'latency': 453242.236543029}
2023-01-29 23:24:38.427 | INFO     | server:shutdown_event:59 - Shutting down application
2023-01-29 23:24:41.300 | INFO     | server:startup_event:46 - Setup completed
2023-01-29 23:24:41.300 | INFO     | classifier:load:57 - Loaded trained model pipeline from: ../data/news_classifier.joblib
2023-01-29 23:24:46.786 | INFO     | server:shutdown_event:59 - Shutting down application
2023-01-29 23:24:49.251 | INFO     | server:startup_event:46 - Setup completed
2023-01-29 23:24:49.251 | INFO     | classifier:load:57 - Loaded trained model pipeline from: ../data/news_classifier.joblib
2023-01-29 23:24:55.001 | INFO     | server:predict:85 - {'timestamp': '2023:01:29 23:24:55', 'request': {'source': 'Yahoo Entertainment', 'url': 'http://us.rd.yahoo.com/dailynews/rss/entertainment/*http://story.news.yahoo.com/news?tmpl=story2/u=/ap/20040922/ap_en_mu/obit_marsalis', 'title': 'Music Patriarch Marsalis Sr. Dies (AP)', 'description': 'AP - Ellis L. Marsalis Sr., the patriarch of a family of world famous jazz'}, 'prediction': {'scores': {'Business': 0.06266997177318223, 'Entertainment': 0.6508920045667556, 'Health': 0.04179703065850096, 'Music Feeds': 0.014973302832729136, 'Sci/Tech': 0.08807032008995669, 'Software and Developement': 0.009457089786934506, 'Sports': 0.1267984819843677, 'Toons': 0.005341798307573241}, 'label': 'Entertainment'}, 'latency': 453283.401408995}
2023-01-29 23:26:43.640 | INFO     | server:shutdown_event:59 - Shutting down application
2023-01-29 23:26:47.041 | INFO     | server:startup_event:46 - Setup completed
2023-01-29 23:26:47.042 | INFO     | classifier:load:57 - Loaded trained model pipeline from: ../data/news_classifier.joblib
2023-01-29 23:26:48.427 | INFO     | server:predict:85 - {'timestamp': '2023:01:29 23:26:48', 'request': {'source': 'Yahoo Entertainment', 'url': 'http://us.rd.yahoo.com/dailynews/rss/entertainment/*http://story.news.yahoo.com/news?tmpl=story2/u=/ap/20040922/ap_en_mu/obit_marsalis', 'title': 'Music Patriarch Marsalis Sr. Dies (AP)', 'description': 'AP - Ellis L. Marsalis Sr., the patriarch of a family of world famous jazz'}, 'prediction': {'scores': {'Business': 0.06266997177318223, 'Entertainment': 0.6508920045667556, 'Health': 0.04179703065850096, 'Music Feeds': 0.014973302832729136, 'Sci/Tech': 0.08807032008995669, 'Software and Developement': 0.009457089786934506, 'Sports': 0.1267984819843677, 'Toons': 0.005341798307573241}, 'label': 'Entertainment'}, 'latency': 0.03092521702637896}
2023-01-29 23:27:22.036 | INFO     | server:shutdown_event:59 - Shutting down application
2023-01-29 23:27:28.458 | INFO     | server:startup_event:46 - Setup completed
2023-01-29 23:27:28.458 | INFO     | classifier:load:57 - Loaded trained model pipeline from: ../data/news_classifier.joblib
2023-01-29 23:27:34.149 | INFO     | server:shutdown_event:59 - Shutting down application
2023-01-29 23:27:37.065 | INFO     | server:startup_event:46 - Setup completed
2023-01-29 23:27:37.065 | INFO     | classifier:load:57 - Loaded trained model pipeline from: ../data/news_classifier.joblib
2023-01-29 23:27:37.900 | INFO     | server:predict:85 - {'timestamp': '2023:01:29 23:27:37', 'request': {'source': 'Yahoo Entertainment', 'url': 'http://us.rd.yahoo.com/dailynews/rss/entertainment/*http://story.news.yahoo.com/news?tmpl=story2/u=/ap/20040922/ap_en_mu/obit_marsalis', 'title': 'Music Patriarch Marsalis Sr. Dies (AP)', 'description': 'AP - Ellis L. Marsalis Sr., the patriarch of a family of world famous jazz'}, 'prediction': {'scores': {'Business': 0.06266997177318223, 'Entertainment': 0.6508920045667556, 'Health': 0.04179703065850096, 'Music Feeds': 0.014973302832729136, 'Sci/Tech': 0.08807032008995669, 'Software and Developement': 0.009457089786934506, 'Sports': 0.1267984819843677, 'Toons': 0.005341798307573241}, 'label': 'Entertainment'}, 'latency (ms)': 34.93595600593835}
2023-01-29 23:28:07.629 | INFO     | server:shutdown_event:59 - Shutting down application
2023-01-30 00:24:27.818 | INFO     | project.app.server:startup_event:46 - Setup completed
2023-01-30 00:24:27.818 | INFO     | project.app.classifier:load:57 - Loaded trained model pipeline from: ../data/news_classifier.joblib
2023-01-30 00:24:28.257 | INFO     | project.app.server:startup_event:46 - Setup completed
2023-01-30 00:24:28.257 | INFO     | project.app.server:startup_event:46 - Setup completed
2023-01-30 00:24:28.258 | INFO     | project.app.classifier:load:57 - Loaded trained model pipeline from: ../data/news_classifier.joblib
2023-01-30 00:24:28.258 | INFO     | project.app.classifier:load:57 - Loaded trained model pipeline from: ../data/news_classifier.joblib
2023-01-30 00:24:28.600 | INFO     | project.app.server:startup_event:46 - Setup completed
2023-01-30 00:24:28.600 | INFO     | project.app.server:startup_event:46 - Setup completed
2023-01-30 00:24:28.600 | INFO     | project.app.server:startup_event:46 - Setup completed
2023-01-30 00:24:28.601 | INFO     | project.app.classifier:load:57 - Loaded trained model pipeline from: ../data/news_classifier.joblib
2023-01-30 00:24:28.601 | INFO     | project.app.classifier:load:57 - Loaded trained model pipeline from: ../data/news_classifier.joblib
2023-01-30 00:24:28.601 | INFO     | project.app.classifier:load:57 - Loaded trained model pipeline from: ../data/news_classifier.joblib
2023-01-30 00:25:30.486 | INFO     | project.app.server:startup_event:46 - Setup completed
2023-01-30 00:25:30.486 | INFO     | project.app.classifier:load:57 - Loaded trained model pipeline from: ../data/news_classifier.joblib
2023-01-30 00:25:30.903 | INFO     | project.app.server:startup_event:46 - Setup completed
2023-01-30 00:25:30.903 | INFO     | project.app.server:startup_event:46 - Setup completed
2023-01-30 00:25:30.904 | INFO     | project.app.classifier:load:57 - Loaded trained model pipeline from: ../data/news_classifier.joblib
2023-01-30 00:25:30.904 | INFO     | project.app.classifier:load:57 - Loaded trained model pipeline from: ../data/news_classifier.joblib
2023-01-30 00:25:31.233 | INFO     | project.app.server:startup_event:46 - Setup completed
2023-01-30 00:25:31.233 | INFO     | project.app.server:startup_event:46 - Setup completed
2023-01-30 00:25:31.233 | INFO     | project.app.server:startup_event:46 - Setup completed
2023-01-30 00:25:31.234 | INFO     | project.app.classifier:load:57 - Loaded trained model pipeline from: ../data/news_classifier.joblib
2023-01-30 00:25:31.234 | INFO     | project.app.classifier:load:57 - Loaded trained model pipeline from: ../data/news_classifier.joblib
2023-01-30 00:25:31.234 | INFO     | project.app.classifier:load:57 - Loaded trained model pipeline from: ../data/news_classifier.joblib
2023-01-30 00:34:46.824 | INFO     | project.app.server:startup_event:46 - Setup completed
2023-01-30 00:34:46.824 | INFO     | project.app.classifier:load:57 - Loaded trained model pipeline from: ../data/news_classifier.joblib
2023-01-30 00:34:47.264 | INFO     | project.app.server:startup_event:46 - Setup completed
2023-01-30 00:34:47.264 | INFO     | project.app.server:startup_event:46 - Setup completed
2023-01-30 00:34:47.265 | INFO     | project.app.classifier:load:57 - Loaded trained model pipeline from: ../data/news_classifier.joblib
2023-01-30 00:34:47.265 | INFO     | project.app.classifier:load:57 - Loaded trained model pipeline from: ../data/news_classifier.joblib
2023-01-30 00:34:47.568 | INFO     | project.app.server:startup_event:46 - Setup completed
2023-01-30 00:34:47.568 | INFO     | project.app.server:startup_event:46 - Setup completed
2023-01-30 00:34:47.568 | INFO     | project.app.server:startup_event:46 - Setup completed
2023-01-30 00:34:47.569 | INFO     | project.app.classifier:load:57 - Loaded trained model pipeline from: ../data/news_classifier.joblib
2023-01-30 00:34:47.569 | INFO     | project.app.classifier:load:57 - Loaded trained model pipeline from: ../data/news_classifier.joblib
2023-01-30 00:34:47.569 | INFO     | project.app.classifier:load:57 - Loaded trained model pipeline from: ../data/news_classifier.joblib
2023-01-30 00:36:24.103 | INFO     | server:startup_event:46 - Setup completed
2023-01-30 00:36:24.103 | INFO     | classifier:load:57 - Loaded trained model pipeline from: ../data/news_classifier.joblib
2023-01-30 00:37:14.322 | INFO     | server:shutdown_event:59 - Shutting down application
2023-01-30 00:37:36.637 | INFO     | server:startup_event:46 - Setup completed
2023-01-30 00:37:36.637 | INFO     | classifier:load:57 - Loaded trained model pipeline from: ../data/news_classifier.joblib
2023-01-30 00:37:42.409 | INFO     | server:shutdown_event:59 - Shutting down application
2023-01-30 00:38:59.628 | INFO     | server:startup_event:46 - Setup completed
2023-01-30 00:38:59.629 | INFO     | classifier:load:57 - Loaded trained model pipeline from: ../data/news_classifier.joblib
2023-01-30 00:39:02.405 | INFO     | server:shutdown_event:59 - Shutting down application
2023-01-30 00:39:47.913 | INFO     | server:startup_event:46 - Setup completed
2023-01-30 00:39:47.914 | INFO     | classifier:load:57 - Loaded trained model pipeline from: ../data/news_classifier.joblib
2023-01-30 00:39:48.989 | INFO     | server:shutdown_event:59 - Shutting down application
2023-01-30 00:42:12.030 | INFO     | project.app.server:startup_event:46 - Setup completed
2023-01-30 00:42:12.030 | INFO     | project.app.classifier:load:57 - Loaded trained model pipeline from: ../data/news_classifier.joblib
2023-01-30 00:42:12.484 | INFO     | project.app.server:startup_event:46 - Setup completed
2023-01-30 00:42:12.484 | INFO     | project.app.server:startup_event:46 - Setup completed
2023-01-30 00:42:12.484 | INFO     | project.app.classifier:load:57 - Loaded trained model pipeline from: ../data/news_classifier.joblib
2023-01-30 00:42:12.484 | INFO     | project.app.classifier:load:57 - Loaded trained model pipeline from: ../data/news_classifier.joblib
2023-01-30 00:42:12.816 | INFO     | project.app.server:startup_event:46 - Setup completed
2023-01-30 00:42:12.816 | INFO     | project.app.server:startup_event:46 - Setup completed
2023-01-30 00:42:12.816 | INFO     | project.app.server:startup_event:46 - Setup completed
2023-01-30 00:42:12.816 | INFO     | project.app.classifier:load:57 - Loaded trained model pipeline from: ../data/news_classifier.joblib
2023-01-30 00:42:12.816 | INFO     | project.app.classifier:load:57 - Loaded trained model pipeline from: ../data/news_classifier.joblib
2023-01-30 00:42:12.816 | INFO     | project.app.classifier:load:57 - Loaded trained model pipeline from: ../data/news_classifier.joblib
2023-01-30 00:42:21.633 | INFO     | project.app.server:startup_event:46 - Setup completed
2023-01-30 00:42:21.633 | INFO     | project.app.classifier:load:57 - Loaded trained model pipeline from: ../data/news_classifier.joblib
2023-01-30 00:42:22.041 | INFO     | project.app.server:startup_event:46 - Setup completed
2023-01-30 00:42:22.041 | INFO     | project.app.server:startup_event:46 - Setup completed
2023-01-30 00:42:22.042 | INFO     | project.app.classifier:load:57 - Loaded trained model pipeline from: ../data/news_classifier.joblib
2023-01-30 00:42:22.042 | INFO     | project.app.classifier:load:57 - Loaded trained model pipeline from: ../data/news_classifier.joblib
2023-01-30 00:42:22.381 | INFO     | project.app.server:startup_event:46 - Setup completed
2023-01-30 00:42:22.381 | INFO     | project.app.server:startup_event:46 - Setup completed
2023-01-30 00:42:22.381 | INFO     | project.app.server:startup_event:46 - Setup completed
2023-01-30 00:42:22.381 | INFO     | project.app.classifier:load:57 - Loaded trained model pipeline from: ../data/news_classifier.joblib
2023-01-30 00:42:22.381 | INFO     | project.app.classifier:load:57 - Loaded trained model pipeline from: ../data/news_classifier.joblib
2023-01-30 00:42:22.381 | INFO     | project.app.classifier:load:57 - Loaded trained model pipeline from: ../data/news_classifier.joblib
2023-01-30 00:43:22.611 | INFO     | project.app.server:startup_event:46 - Setup completed
2023-01-30 00:43:22.612 | INFO     | classifier:load:57 - Loaded trained model pipeline from: ../data/news_classifier.joblib
2023-01-30 00:43:22.800 | INFO     | project.app.server:shutdown_event:59 - Shutting down application
2023-01-30 00:43:22.809 | INFO     | project.app.server:startup_event:46 - Setup completed
2023-01-30 00:43:22.823 | INFO     | classifier:load:57 - Loaded trained model pipeline from: ../data/news_classifier.joblib
2023-01-30 00:43:22.946 | INFO     | project.app.server:shutdown_event:59 - Shutting down application
2023-01-30 00:43:22.955 | INFO     | project.app.server:startup_event:46 - Setup completed
2023-01-30 00:43:22.969 | INFO     | classifier:load:57 - Loaded trained model pipeline from: ../data/news_classifier.joblib
2023-01-30 00:43:23.180 | INFO     | project.app.server:predict:85 - {'timestamp': '2023:01:30 00:43:23', 'request': {'source': 'BBC Technology', 'url': 'http://news.bbc.co.uk/go/click/rss/0.91/public/-/2/hi/business/4144939.stm', 'title': 'System gremlins resolved at HSBC', 'description': 'Computer glitches which led to chaos for HSBC customers on Monday are fixed, the High Street bank confirms.'}, 'prediction': {'scores': {'Business': 0.4550814984508978, 'Entertainment': 0.13000062451225236, 'Health': 0.0325569891605281, 'Music Feeds': 0.004118624567310023, 'Sci/Tech': 0.3005427013839042, 'Software and Developement': 0.01133333979071904, 'Sports': 0.060413748539807494, 'Toons': 0.005952473594580936}, 'label': 'Business'}, 'latency (ms)': 82.23874401301146}
2023-01-30 00:43:23.182 | INFO     | project.app.server:shutdown_event:59 - Shutting down application
2023-01-30 00:49:11.506 | INFO     | project.app.server:startup_event:46 - Setup completed
2023-01-30 00:49:11.507 | INFO     | classifier:load:57 - Loaded trained model pipeline from: ../data/news_classifier.joblib
2023-01-30 00:49:11.680 | INFO     | project.app.server:shutdown_event:59 - Shutting down application
2023-01-30 00:49:11.688 | INFO     | project.app.server:startup_event:46 - Setup completed
2023-01-30 00:49:11.697 | INFO     | classifier:load:57 - Loaded trained model pipeline from: ../data/news_classifier.joblib
2023-01-30 00:49:11.801 | INFO     | project.app.server:shutdown_event:59 - Shutting down application
2023-01-30 00:49:11.810 | INFO     | project.app.server:startup_event:46 - Setup completed
2023-01-30 00:49:11.820 | INFO     | classifier:load:57 - Loaded trained model pipeline from: ../data/news_classifier.joblib
2023-01-30 00:49:11.994 | INFO     | project.app.server:predict:85 - {'timestamp': '2023:01:30 00:49:11', 'request': {'source': 'BBC Technology', 'url': 'http://news.bbc.co.uk/go/click/rss/0.91/public/-/2/hi/business/4144939.stm', 'title': 'System gremlins resolved at HSBC', 'description': 'Computer glitches which led to chaos for HSBC customers on Monday are fixed, the High Street bank confirms.'}, 'prediction': {'scores': {'Business': 0.4550814984508978, 'Entertainment': 0.13000062451225236, 'Health': 0.0325569891605281, 'Music Feeds': 0.004118624567310023, 'Sci/Tech': 0.3005427013839042, 'Software and Developement': 0.01133333979071904, 'Sports': 0.060413748539807494, 'Toons': 0.005952473594580936}, 'label': 'Business'}, 'latency (ms)': 63.986266031861305}
2023-01-30 00:49:11.997 | INFO     | project.app.server:shutdown_event:59 - Shutting down application
2023-01-30 00:50:26.778 | INFO     | project.app.server:startup_event:46 - Setup completed
2023-01-30 00:50:26.779 | INFO     | classifier:load:57 - Loaded trained model pipeline from: ../data/news_classifier.joblib
2023-01-30 00:50:26.960 | INFO     | project.app.server:shutdown_event:59 - Shutting down application
2023-01-30 00:50:26.969 | INFO     | project.app.server:startup_event:46 - Setup completed
2023-01-30 00:50:26.980 | INFO     | classifier:load:57 - Loaded trained model pipeline from: ../data/news_classifier.joblib
2023-01-30 00:50:27.113 | INFO     | project.app.server:shutdown_event:59 - Shutting down application
2023-01-30 00:50:27.121 | INFO     | project.app.server:startup_event:46 - Setup completed
2023-01-30 00:50:27.131 | INFO     | classifier:load:57 - Loaded trained model pipeline from: ../data/news_classifier.joblib
2023-01-30 00:50:27.282 | INFO     | project.app.server:predict:85 - {'timestamp': '2023:01:30 00:50:27', 'request': {'source': 'BBC Technology', 'url': 'http://news.bbc.co.uk/go/click/rss/0.91/public/-/2/hi/business/4144939.stm', 'title': 'System gremlins resolved at HSBC', 'description': 'Computer glitches which led to chaos for HSBC customers on Monday are fixed, the High Street bank confirms.'}, 'prediction': {'scores': {'Business': 0.4550814984508978, 'Entertainment': 0.13000062451225236, 'Health': 0.0325569891605281, 'Music Feeds': 0.004118624567310023, 'Sci/Tech': 0.3005427013839042, 'Software and Developement': 0.01133333979071904, 'Sports': 0.060413748539807494, 'Toons': 0.005952473594580936}, 'label': 'Business'}, 'latency (ms)': 34.642258018720895}
2023-01-30 00:50:27.285 | INFO     | project.app.server:shutdown_event:59 - Shutting down application
2023-01-30 00:51:26.655 | INFO     | project.app.server:startup_event:46 - Setup completed
2023-01-30 00:51:26.656 | INFO     | classifier:load:57 - Loaded trained model pipeline from: ../data/news_classifier.joblib
2023-01-30 00:51:26.841 | INFO     | project.app.server:shutdown_event:59 - Shutting down application
2023-01-30 00:51:26.881 | INFO     | project.app.server:startup_event:46 - Setup completed
2023-01-30 00:51:26.890 | INFO     | classifier:load:57 - Loaded trained model pipeline from: ../data/news_classifier.joblib
2023-01-30 00:51:26.995 | INFO     | project.app.server:shutdown_event:59 - Shutting down application
2023-01-30 00:51:27.003 | INFO     | project.app.server:startup_event:46 - Setup completed
2023-01-30 00:51:27.012 | INFO     | classifier:load:57 - Loaded trained model pipeline from: ../data/news_classifier.joblib
2023-01-30 00:51:27.190 | INFO     | project.app.server:predict:85 - {'timestamp': '2023:01:30 00:51:27', 'request': {'source': 'BBC Technology', 'url': 'http://news.bbc.co.uk/go/click/rss/0.91/public/-/2/hi/business/4144939.stm', 'title': 'System gremlins resolved at HSBC', 'description': 'Computer glitches which led to chaos for HSBC customers on Monday are fixed, the High Street bank confirms.'}, 'prediction': {'scores': {'Business': 0.4550814984508978, 'Entertainment': 0.13000062451225236, 'Health': 0.0325569891605281, 'Music Feeds': 0.004118624567310023, 'Sci/Tech': 0.3005427013839042, 'Software and Developement': 0.01133333979071904, 'Sports': 0.060413748539807494, 'Toons': 0.005952473594580936}, 'label': 'Business'}, 'latency (ms)': 68.04855598602444}
2023-01-30 00:51:27.272 | INFO     | project.app.server:shutdown_event:59 - Shutting down application
2023-01-30 00:52:24.427 | INFO     | project.app.server:startup_event:46 - Setup completed
2023-01-30 00:52:24.428 | INFO     | classifier:load:57 - Loaded trained model pipeline from: ../data/news_classifier.joblib
2023-01-30 00:52:24.606 | INFO     | project.app.server:shutdown_event:59 - Shutting down application
2023-01-30 00:52:24.615 | INFO     | project.app.server:startup_event:46 - Setup completed
2023-01-30 00:52:24.625 | INFO     | classifier:load:57 - Loaded trained model pipeline from: ../data/news_classifier.joblib
2023-01-30 00:52:24.732 | INFO     | project.app.server:shutdown_event:59 - Shutting down application
2023-01-30 00:52:24.740 | INFO     | project.app.server:startup_event:46 - Setup completed
2023-01-30 00:52:24.750 | INFO     | classifier:load:57 - Loaded trained model pipeline from: ../data/news_classifier.joblib
2023-01-30 00:52:24.898 | INFO     | project.app.server:predict:85 - {'timestamp': '2023:01:30 00:52:24', 'request': {'source': 'BBC Technology', 'url': 'http://news.bbc.co.uk/go/click/rss/0.91/public/-/2/hi/business/4144939.stm', 'title': 'System gremlins resolved at HSBC', 'description': 'Computer glitches which led to chaos for HSBC customers on Monday are fixed, the High Street bank confirms.'}, 'prediction': {'scores': {'Business': 0.4550814984508978, 'Entertainment': 0.13000062451225236, 'Health': 0.0325569891605281, 'Music Feeds': 0.004118624567310023, 'Sci/Tech': 0.3005427013839042, 'Software and Developement': 0.01133333979071904, 'Sports': 0.060413748539807494, 'Toons': 0.005952473594580936}, 'label': 'Business'}, 'latency (ms)': 36.974747956264764}
2023-01-30 00:52:24.901 | INFO     | project.app.server:shutdown_event:59 - Shutting down application
2023-01-30 00:52:51.876 | INFO     | project.app.server:startup_event:46 - Setup completed
2023-01-30 00:52:51.876 | INFO     | classifier:load:57 - Loaded trained model pipeline from: ../data/news_classifier.joblib
2023-01-30 00:52:52.057 | INFO     | project.app.server:shutdown_event:59 - Shutting down application
2023-01-30 00:52:52.066 | INFO     | project.app.server:startup_event:46 - Setup completed
2023-01-30 00:52:52.082 | INFO     | classifier:load:57 - Loaded trained model pipeline from: ../data/news_classifier.joblib
2023-01-30 00:52:52.196 | INFO     | project.app.server:shutdown_event:59 - Shutting down application
2023-01-30 00:52:52.206 | INFO     | project.app.server:startup_event:46 - Setup completed
2023-01-30 00:52:52.216 | INFO     | classifier:load:57 - Loaded trained model pipeline from: ../data/news_classifier.joblib
2023-01-30 00:52:52.387 | INFO     | project.app.server:predict:85 - {'timestamp': '2023:01:30 00:52:52', 'request': {'source': 'BBC Technology', 'url': 'http://news.bbc.co.uk/go/click/rss/0.91/public/-/2/hi/business/4144939.stm', 'title': 'System gremlins resolved at HSBC', 'description': 'Computer glitches which led to chaos for HSBC customers on Monday are fixed, the High Street bank confirms.'}, 'prediction': {'scores': {'Business': 0.4550814984508978, 'Entertainment': 0.13000062451225236, 'Health': 0.0325569891605281, 'Music Feeds': 0.004118624567310023, 'Sci/Tech': 0.3005427013839042, 'Software and Developement': 0.01133333979071904, 'Sports': 0.060413748539807494, 'Toons': 0.005952473594580936}, 'label': 'Business'}, 'latency (ms)': 59.166146034840494}
2023-01-30 00:52:52.390 | INFO     | project.app.server:shutdown_event:59 - Shutting down application
2023-01-30 00:54:48.816 | INFO     | project.app.server:startup_event:46 - Setup completed
2023-01-30 00:54:48.816 | INFO     | classifier:load:57 - Loaded trained model pipeline from: ../data/news_classifier.joblib
2023-01-30 00:54:48.978 | INFO     | project.app.server:shutdown_event:59 - Shutting down application
2023-01-30 00:54:48.985 | INFO     | project.app.server:startup_event:46 - Setup completed
2023-01-30 00:54:48.994 | INFO     | classifier:load:57 - Loaded trained model pipeline from: ../data/news_classifier.joblib
2023-01-30 00:54:49.092 | INFO     | project.app.server:shutdown_event:59 - Shutting down application
2023-01-30 00:54:49.100 | INFO     | project.app.server:startup_event:46 - Setup completed
2023-01-30 00:54:49.111 | INFO     | classifier:load:57 - Loaded trained model pipeline from: ../data/news_classifier.joblib
2023-01-30 00:54:49.251 | INFO     | project.app.server:predict:85 - {'timestamp': '2023:01:30 00:54:49', 'request': {'source': 'BBC Technology', 'url': 'http://news.bbc.co.uk/go/click/rss/0.91/public/-/2/hi/business/4144939.stm', 'title': 'System gremlins resolved at HSBC', 'description': 'Computer glitches which led to chaos for HSBC customers on Monday are fixed, the High Street bank confirms.'}, 'prediction': {'scores': {'Business': 0.4550814984508978, 'Entertainment': 0.13000062451225236, 'Health': 0.0325569891605281, 'Music Feeds': 0.004118624567310023, 'Sci/Tech': 0.3005427013839042, 'Software and Developement': 0.01133333979071904, 'Sports': 0.060413748539807494, 'Toons': 0.005952473594580936}, 'label': 'Business'}, 'latency (ms)': 36.372007976751775}
2023-01-30 00:54:49.253 | INFO     | project.app.server:shutdown_event:59 - Shutting down application
2023-01-30 00:56:00.494 | INFO     | project.app.server:startup_event:46 - Setup completed
2023-01-30 00:56:00.495 | INFO     | classifier:load:57 - Loaded trained model pipeline from: ../data/news_classifier.joblib
2023-01-30 00:56:00.657 | INFO     | project.app.server:shutdown_event:59 - Shutting down application
2023-01-30 00:56:00.665 | INFO     | project.app.server:startup_event:46 - Setup completed
2023-01-30 00:56:00.673 | INFO     | classifier:load:57 - Loaded trained model pipeline from: ../data/news_classifier.joblib
2023-01-30 00:56:00.781 | INFO     | project.app.server:shutdown_event:59 - Shutting down application
2023-01-30 00:56:00.791 | INFO     | project.app.server:startup_event:46 - Setup completed
2023-01-30 00:56:00.800 | INFO     | classifier:load:57 - Loaded trained model pipeline from: ../data/news_classifier.joblib
2023-01-30 00:56:00.975 | INFO     | project.app.server:predict:85 - {'timestamp': '2023:01:30 00:56:00', 'request': {'source': 'BBC Technology', 'url': 'http://news.bbc.co.uk/go/click/rss/0.91/public/-/2/hi/business/4144939.stm', 'title': 'System gremlins resolved at HSBC', 'description': 'Computer glitches which led to chaos for HSBC customers on Monday are fixed, the High Street bank confirms.'}, 'prediction': {'scores': {'Business': 0.4550814984508978, 'Entertainment': 0.13000062451225236, 'Health': 0.0325569891605281, 'Music Feeds': 0.004118624567310023, 'Sci/Tech': 0.3005427013839042, 'Software and Developement': 0.01133333979071904, 'Sports': 0.060413748539807494, 'Toons': 0.005952473594580936}, 'label': 'Business'}, 'latency (ms)': 68.25177499558777}
2023-01-30 00:56:00.978 | INFO     | project.app.server:shutdown_event:59 - Shutting down application
